Сборка начата 14.02.2024 1:15:09.
Уровень детализации журнала: Normal.     1>Проект "D:\4_SEM_LABS\MatProg\Lab2\Task2\Task2.vcxproj" в узле 2 (целевые объекты Build).
     1>PrepareForBuild:
         Создание каталога "Debug\Task2.tlog\".
       InitializeBuildStatus:
         Создание "Debug\Task2.tlog\unsuccessfulbuild", так как было задано "AlwaysCreate".
       ClCompile:
         C:\Program Files (x86)\Microsoft Visual Studio\2019\Community\VC\Tools\MSVC\14.29.30133\bin\HostX86\x86\CL.exe /c /ZI /JMC /nologo /W3 /WX- /diagnostics:column /sdl /Od /Oy- /D WIN32 /D _DEBUG /D _CONSOLE /D _UNICODE /D UNICODE /Gm- /EHsc /RTC1 /MDd /GS /fp:precise /permissive- /Zc:wchar_t /Zc:forScope /Zc:inline /Fo"Debug\\" /Fd"Debug\vc142.pdb" /external:W3 /Gd /TP /analyze- /FC /errorReport:prompt Combi.cpp Main.cpp
         Combi.cpp
         Main.cpp
         Создание кода...
       Link:
         C:\Program Files (x86)\Microsoft Visual Studio\2019\Community\VC\Tools\MSVC\14.29.30133\bin\HostX86\x86\link.exe /ERRORREPORT:PROMPT /OUT:"D:\4_SEM_LABS\MatProg\Lab2\Debug\Task2.exe" /INCREMENTAL /ILK:"Debug\Task2.ilk" /NOLOGO kernel32.lib user32.lib gdi32.lib winspool.lib comdlg32.lib advapi32.lib shell32.lib ole32.lib oleaut32.lib uuid.lib odbc32.lib odbccp32.lib /MANIFEST /MANIFESTUAC:"level='asInvoker' uiAccess='false'" /manifest:embed /DEBUG /PDB:"D:\4_SEM_LABS\MatProg\Lab2\Debug\Task2.pdb" /SUBSYSTEM:CONSOLE /TLBID:1 /DYNAMICBASE /NXCOMPAT /IMPLIB:"D:\4_SEM_LABS\MatProg\Lab2\Debug\Task2.lib" /MACHINE:X86 Debug\Combi.obj
         Debug\Main.obj
         Task2.vcxproj -> D:\4_SEM_LABS\MatProg\Lab2\Debug\Task2.exe
       FinalizeBuildStatus:
         Файл "Debug\Task2.tlog\unsuccessfulbuild" удаляется.
         Обращение к "Debug\Task2.tlog\Task2.lastbuildstate".
     1>Сборка проекта "D:\4_SEM_LABS\MatProg\Lab2\Task2\Task2.vcxproj" завершена (целевые объекты Build).

Сборка успешно завершена.
    Предупреждений: 0
    Ошибок: 0

Прошло времени 00:00:00.90
