Сборка начата 21.02.2024 18:10:34.
Уровень детализации журнала: Normal.     1>Проект "D:\4_SEM_LABS\MatProg\Lab2\Task5\Task5.vcxproj" в узле 2 (целевые объекты Build).
     1>InitializeBuildStatus:
         Создание "Debug\Task5.tlog\unsuccessfulbuild", так как было задано "AlwaysCreate".
       ClCompile:
         C:\Program Files (x86)\Microsoft Visual Studio\2019\Community\VC\Tools\MSVC\14.29.30133\bin\HostX86\x86\CL.exe /c /ZI /JMC /nologo /W3 /WX- /diagnostics:column /sdl /Od /Oy- /D WIN32 /D _DEBUG /D _CONSOLE /D _UNICODE /D UNICODE /Gm- /EHsc /RTC1 /MDd /GS /fp:precise /permissive- /Zc:wchar_t /Zc:forScope /Zc:inline /Fo"Debug\\" /Fd"Debug\vc142.pdb" /external:W3 /Gd /TP /analyze- /FC /errorReport:prompt Main.cpp
         Main.cpp
       Link:
         C:\Program Files (x86)\Microsoft Visual Studio\2019\Community\VC\Tools\MSVC\14.29.30133\bin\HostX86\x86\link.exe /ERRORREPORT:PROMPT /OUT:"D:\4_SEM_LABS\MatProg\Lab2\Debug\Task5.exe" /INCREMENTAL /ILK:"Debug\Task5.ilk" /NOLOGO kernel32.lib user32.lib gdi32.lib winspool.lib comdlg32.lib advapi32.lib shell32.lib ole32.lib oleaut32.lib uuid.lib odbc32.lib odbccp32.lib /MANIFEST /MANIFESTUAC:"level='asInvoker' uiAccess='false'" /manifest:embed /DEBUG /PDB:"D:\4_SEM_LABS\MatProg\Lab2\Debug\Task5.pdb" /SUBSYSTEM:CONSOLE /TLBID:1 /DYNAMICBASE /NXCOMPAT /IMPLIB:"D:\4_SEM_LABS\MatProg\Lab2\Debug\Task5.lib" /MACHINE:X86 Debug\Combi.obj
         Debug\Knapsack.obj
         Debug\Main.obj
         Task5.vcxproj -> D:\4_SEM_LABS\MatProg\Lab2\Debug\Task5.exe
       FinalizeBuildStatus:
         Файл "Debug\Task5.tlog\unsuccessfulbuild" удаляется.
         Обращение к "Debug\Task5.tlog\Task5.lastbuildstate".
     1>Сборка проекта "D:\4_SEM_LABS\MatProg\Lab2\Task5\Task5.vcxproj" завершена (целевые объекты Build).

Сборка успешно завершена.
    Предупреждений: 0
    Ошибок: 0

Прошло времени 00:00:00.58
